<?xml version="1.0" encoding="UTF-8"?>
<!-- Generated by org.testng.reporters.JUnitReportReporter -->
<testsuite skipped="0" hostname="windows8" name="testCases.FacebookTest" tests="1" failures="0" timestamp="2020-04-25T23:25:56 IST" time="22.519" errors="0">
  <testcase name="validateFacebookLogin" time="22.519" classname="testCases.FacebookTest"/>
  <system-out/>
</testsuite> <!-- testCases.FacebookTest -->
