<?xml version="1.0" encoding="UTF-8"?>
<!-- Generated by org.testng.reporters.JUnitReportReporter -->
<testsuite skipped="0" hostname="windows8" name="starRatingTests.ReviewsTest" tests="1" failures="0" timestamp="2020-04-25T18:01:55 IST" time="18.394" errors="0">
  <testcase name="validateReviews" time="18.394" classname="starRatingTests.ReviewsTest"/>
  <system-out/>
</testsuite> <!-- starRatingTests.ReviewsTest -->
