<?xml version="1.0" encoding="UTF-8"?>
<!-- Generated by org.testng.reporters.JUnitReportReporter -->
<testsuite skipped="0" hostname="windows8" name="testCases.ReviewsTest" tests="1" failures="0" timestamp="2020-04-25T23:17:14 IST" time="26.597" errors="0">
  <testcase name="validateReviews" time="26.597" classname="testCases.ReviewsTest"/>
  <system-out/>
</testsuite> <!-- testCases.ReviewsTest -->
