<?xml version="1.0" encoding="UTF-8"?>
<!-- Generated by org.testng.reporters.JUnitReportReporter -->
<testsuite skipped="0" hostname="windows8" name="starRatingTests.FacebookTest" tests="1" failures="0" timestamp="2020-04-25T20:40:21 IST" time="52.708" errors="0">
  <testcase name="validateFacebookLogin" time="52.708" classname="starRatingTests.FacebookTest"/>
  <system-out/>
</testsuite> <!-- starRatingTests.FacebookTest -->
